<?xml version="1.0" encoding="UTF-8"?>
<!-- Generated by org.testng.reporters.JUnitReportReporter -->
<testsuite hostname="Netow-Admin-4" failures="0" tests="1" name="testcase.ForgotPassword" time="53.683" errors="0" timestamp="2024-02-26T00:51:05 WAT" skipped="0">
  <testcase classname="testcase.ForgotPassword" name="ForgotPwdTest" time="53.683"/>
  <system-out/>
</testsuite> <!-- testcase.ForgotPassword -->
