<?xml version="1.0" encoding="UTF-8"?>
<!-- Generated by org.testng.reporters.JUnitReportReporter -->
<testsuite hostname="Netow-Admin-4" failures="0" tests="4" name="testcase.Login" time="302.066" errors="0" timestamp="2024-02-26T15:20:38 WAT" skipped="0">
  <testcase classname="testcase.Login" name="LoginTest" time="76.916"/>
  <system-out/>
  <testcase classname="testcase.Login" name="LoginTest" time="83.514"/>
  <system-out/>
  <testcase classname="testcase.Login" name="LoginTest" time="74.749"/>
  <system-out/>
  <testcase classname="testcase.Login" name="LoginTest" time="66.887"/>
  <system-out/>
</testsuite> <!-- testcase.Login -->
