<?xml version="1.0" encoding="UTF-8"?>
<!-- Generated by org.testng.reporters.JUnitReportReporter -->
<testsuite hostname="Netow-Admin-4" failures="0" tests="3" name="testcase.Register" time="232.029" errors="0" timestamp="2024-02-26T00:58:36 WAT" skipped="0">
  <testcase classname="testcase.Register" name="RegisterTest" time="77.135"/>
  <system-out/>
  <testcase classname="testcase.Register" name="RegisterTest" time="79.810"/>
  <system-out/>
  <testcase classname="testcase.Register" name="RegisterTest" time="75.084"/>
  <system-out/>
</testsuite> <!-- testcase.Register -->
